<?xml version="1.0" encoding="UTF-8"?>
<!-- Generated by org.testng.reporters.JUnitReportReporter -->
<testsuite hostname="jatinv66-X507UA" name="tests.tests" tests="2" failures="0" timestamp="13 Jun 2023 15:32:58 GMT" time="17.733" errors="0">
  <testcase name="testcase" time="8.881" classname="tests.tests"/>
  <testcase name="testcase1" time="8.852" classname="tests.tests"/>
</testsuite> <!-- tests.tests -->
