<?xml version="1.0" encoding="UTF-8"?>
<!-- Generated by org.testng.reporters.JUnitReportReporter -->
<testsuite hostname="jatinv66-X507UA" name="tests" tests="1" failures="0" timestamp="13 Jun 2023 14:59:21 GMT" time="13.114" errors="0">
  <testcase name="testcase" time="13.114" classname="tests"/>
</testsuite> <!-- tests -->
